2025-10-21 15:31:53, MOVE, v:1, k:poo@relogio, mode:PICK
2025-10-21 15:31:54, EXEC, v:1, k:poo@relogio, mode:FULL, rate:100
2025-10-21 15:31:58, EXEC, v:1, k:poo@relogio, mode:FREE
2025-10-21 16:06:20, MOVE, v:1, k:poo@relogio, mode:BACK
2025-10-21 16:06:20, MOVE, v:1, k:poo@relogio, mode:PICK
2025-10-21 16:06:21, MOVE, v:1, k:poo@relogio, mode:BACK
2025-10-21 16:07:02, MOVE, v:1, k:poo@motoca, mode:PICK
2025-10-21 16:07:03, EXEC, v:1, k:poo@motoca, mode:FULL, rate:60
2025-10-21 16:09:34, EXEC, v:1, k:poo@motoca, mode:FULL, rate:66, size:72
2025-10-21 16:10:19, EXEC, v:1, k:poo@motoca, mode:FULL, rate:60, size:74
2025-10-21 16:10:40, EXEC, v:1, k:poo@motoca, mode:FULL, rate:60
2025-10-21 16:11:51, EXEC, v:1, k:poo@motoca, mode:FULL, rate:60, size:75
2025-10-21 16:12:09, EXEC, v:1, k:poo@motoca, mode:FULL, rate:73, size:74
2025-10-21 16:17:37, EXEC, v:1, k:poo@motoca, mode:FULL, rate:73, size:75
2025-10-21 16:18:24, EXEC, v:1, k:poo@motoca, mode:FULL, rate:73, size:75
2025-10-21 16:20:45, EXEC, v:1, k:poo@motoca, mode:FULL, rate:60, size:75
2025-10-21 16:20:54, EXEC, v:1, k:poo@motoca, mode:FULL, rate:73, size:75
2025-10-21 16:25:34, EXEC, v:1, k:poo@motoca, mode:FREE
2025-10-21 16:28:26, EXEC, v:1, k:poo@motoca, mode:FULL, rate:73, size:75
2025-10-21 16:29:56, EXEC, v:1, k:poo@motoca, mode:FULL, rate:73, size:76
2025-10-21 16:30:09, EXEC, v:1, k:poo@motoca, mode:FULL, rate:73, size:76
2025-10-21 16:30:16, EXEC, v:1, k:poo@motoca, mode:FULL, rate:73, size:76
2025-10-21 16:30:20, EXEC, v:1, k:poo@motoca, mode:FREE
2025-10-21 16:30:46, EXEC, v:1, k:poo@motoca, mode:FREE
2025-10-21 16:34:27, EXEC, v:1, k:poo@motoca, mode:FREE
2025-10-21 16:35:15, EXEC, v:1, k:poo@motoca, mode:FULL, rate:80, size:77
2025-10-21 16:36:15, EXEC, v:1, k:poo@motoca, mode:FULL, rate:73, size:80
2025-10-21 16:36:44, EXEC, v:1, k:poo@motoca, mode:FULL, rate:73, size:80
2025-10-21 16:37:39, EXEC, v:1, k:poo@motoca, mode:FULL, rate:73, size:80
2025-10-21 16:40:46, EXEC, v:1, k:poo@motoca, mode:FULL, rate:86, size:80
2025-10-21 16:44:31, EXEC, v:1, k:poo@motoca, mode:FULL, rate:73, size:82
2025-10-21 16:44:40, EXEC, v:1, k:poo@motoca, mode:FULL, rate:80, size:82
2025-10-21 16:45:22, EXEC, v:1, k:poo@motoca, mode:FULL, rate:80, size:82
2025-10-21 16:45:52, EXEC, v:1, k:poo@motoca, mode:FULL, rate:80, size:81
2025-10-21 16:46:13, EXEC, v:1, k:poo@motoca, mode:FULL, rate:86, size:83
2025-10-21 16:46:24, EXEC, v:1, k:poo@motoca, mode:FULL, rate:86, size:83
2025-10-21 16:46:30, EXEC, v:1, k:poo@motoca, mode:FULL, rate:86, size:83
2025-10-21 16:47:26, EXEC, v:1, k:poo@motoca, mode:FULL, rate:93, size:84
2025-10-21 16:49:34, EXEC, v:1, k:poo@motoca, mode:FULL, rate:13, size:88
2025-10-21 16:49:35, EXEC, v:1, k:poo@motoca, mode:FULL, rate:0
2025-10-21 16:49:48, EXEC, v:1, k:poo@motoca, mode:FULL, rate:93, size:87
2025-10-21 16:50:13, EXEC, v:1, k:poo@motoca, mode:FULL, rate:93, size:89
2025-10-21 16:50:21, EXEC, v:1, k:poo@motoca, mode:FULL, rate:93, size:89
2025-10-21 16:50:33, EXEC, v:1, k:poo@motoca, mode:FULL, rate:93, size:89
2025-10-21 16:51:26, EXEC, v:1, k:poo@motoca, mode:FULL, rate:93, size:89
2025-10-21 16:52:55, EXEC, v:1, k:poo@motoca, mode:FULL, rate:93, size:88
2025-10-21 16:53:02, EXEC, v:1, k:poo@motoca, mode:FULL, rate:93, size:88
2025-10-21 16:53:26, EXEC, v:1, k:poo@motoca, mode:FULL, rate:0, size:88
2025-10-21 16:53:27, EXEC, v:1, k:poo@motoca, mode:FULL, rate:93, size:88
2025-10-21 16:54:09, EXEC, v:1, k:poo@motoca, mode:FULL, rate:0, size:88
2025-10-21 16:54:10, EXEC, v:1, k:poo@motoca, mode:FULL, rate:93, size:88
2025-10-21 16:55:43, MOVE, v:1, k:poo@motoca, mode:BACK
