2025-10-25 14:48:46, MOVE, v:1, k:poo@grafite, mode:DOWN
2025-10-25 14:48:52, MOVE, v:1, k:poo@grafite, mode:PICK
2025-10-25 14:48:53, EXEC, v:1, k:poo@grafite, mode:FULL, rate:0, size:0
2025-10-25 15:08:16, EXEC, v:1, k:poo@grafite, mode:FULL, rate:0, size:30
2025-10-25 15:08:16, EXEC, v:1, k:poo@grafite, mode:FULL, rate:0, size:30
2025-10-25 15:08:26, EXEC, v:1, k:poo@grafite, mode:FULL, rate:0, size:30
2025-10-25 15:08:27, EXEC, v:1, k:poo@grafite, mode:FULL, rate:0
2025-10-25 15:08:27, EXEC, v:1, k:poo@grafite, mode:FULL, rate:0
2025-10-25 15:08:41, EXEC, v:1, k:poo@grafite, mode:FULL, rate:0, size:30
2025-10-25 15:08:42, EXEC, v:1, k:poo@grafite, mode:FULL, rate:0
2025-10-25 15:08:55, EXEC, v:1, k:poo@grafite, mode:FULL, rate:0, size:30
2025-10-25 15:09:06, EXEC, v:1, k:poo@grafite, mode:FULL, rate:0
2025-10-25 15:09:08, EXEC, v:1, k:poo@grafite, mode:FULL, rate:0, size:30
2025-10-25 15:09:41, EXEC, v:1, k:poo@grafite, mode:FULL, rate:0, size:30
2025-10-25 15:11:07, EXEC, v:1, k:poo@grafite, mode:FULL, rate:0, size:31
2025-10-25 15:11:08, EXEC, v:1, k:poo@grafite, mode:FULL, rate:0
2025-10-25 15:12:23, EXEC, v:1, k:poo@grafite, mode:FULL, rate:0, size:31
2025-10-25 15:12:23, EXEC, v:1, k:poo@grafite, mode:FULL, rate:0, size:31
2025-10-25 15:13:21, EXEC, v:1, k:poo@grafite, mode:FULL, rate:0, size:33
2025-10-25 15:13:22, EXEC, v:1, k:poo@grafite, mode:FULL, rate:0
2025-10-25 15:13:23, EXEC, v:1, k:poo@grafite, mode:FULL, rate:0
2025-10-25 15:15:09, EXEC, v:1, k:poo@grafite, mode:FULL, rate:0, size:33
2025-10-25 15:15:10, EXEC, v:1, k:poo@grafite, mode:FULL, rate:0
2025-10-25 15:15:27, EXEC, v:1, k:poo@grafite, mode:FULL, rate:0, size:33
2025-10-25 15:15:47, EXEC, v:1, k:poo@grafite, mode:FULL, rate:0, size:33
2025-10-25 15:15:53, EXEC, v:1, k:poo@grafite, mode:FULL, rate:0
2025-10-25 15:18:39, EXEC, v:1, k:poo@grafite, mode:FULL, rate:0, size:34
2025-10-25 15:18:39, EXEC, v:1, k:poo@grafite, mode:FULL, rate:0, size:34
2025-10-25 15:18:53, EXEC, v:1, k:poo@grafite, mode:FULL, rate:0, size:33
2025-10-25 15:19:44, EXEC, v:1, k:poo@grafite, mode:FULL, rate:0, size:33
2025-10-25 15:20:39, EXEC, v:1, k:poo@grafite, mode:FULL, rate:0, size:34
2025-10-25 15:20:55, EXEC, v:1, k:poo@grafite, mode:FULL, rate:0
2025-10-25 15:20:56, EXEC, v:1, k:poo@grafite, mode:FULL, rate:0
2025-10-25 15:21:00, EXEC, v:1, k:poo@grafite, mode:FULL, rate:0
2025-10-25 15:21:02, EXEC, v:1, k:poo@grafite, mode:FULL, rate:0, size:34
2025-10-25 15:21:59, EXEC, v:1, k:poo@grafite, mode:FULL, rate:0, size:35
2025-10-25 15:23:55, EXEC, v:1, k:poo@grafite, mode:FULL, rate:0, size:35
2025-10-25 15:24:06, EXEC, v:1, k:poo@grafite, mode:FULL, rate:0, size:35
2025-10-25 15:24:07, EXEC, v:1, k:poo@grafite, mode:FULL, rate:0
2025-10-25 15:29:29, EXEC, v:1, k:poo@grafite, mode:FULL, rate:0, size:37
2025-10-25 15:29:30, EXEC, v:1, k:poo@grafite, mode:FULL, rate:0
2025-10-25 15:29:44, EXEC, v:1, k:poo@grafite, mode:FULL, rate:0
2025-10-25 15:29:45, EXEC, v:1, k:poo@grafite, mode:FULL, rate:0, size:37
2025-10-25 15:30:04, EXEC, v:1, k:poo@grafite, mode:FULL, rate:0, size:37
2025-10-25 15:30:06, EXEC, v:1, k:poo@grafite, mode:FULL, rate:0
2025-10-25 15:30:07, EXEC, v:1, k:poo@grafite, mode:FULL, rate:0
2025-10-25 15:30:08, EXEC, v:1, k:poo@grafite, mode:FULL, rate:0
2025-10-25 15:30:23, EXEC, v:1, k:poo@grafite, mode:FULL, rate:0, size:37
2025-10-25 15:30:23, EXEC, v:1, k:poo@grafite, mode:FULL, rate:0, size:37
2025-10-25 15:30:37, EXEC, v:1, k:poo@grafite, mode:FULL, rate:0, size:37
2025-10-25 15:31:29, EXEC, v:1, k:poo@grafite, mode:FULL, rate:0, size:37
2025-10-25 15:31:29, EXEC, v:1, k:poo@grafite, mode:FULL, rate:0, size:37
2025-10-25 15:31:31, EXEC, v:1, k:poo@grafite, mode:FULL, rate:0
2025-10-25 15:32:03, EXEC, v:1, k:poo@grafite, mode:FULL, rate:0, size:37
2025-10-25 15:32:04, EXEC, v:1, k:poo@grafite, mode:FULL, rate:0, size:37
2025-10-25 15:32:05, EXEC, v:1, k:poo@grafite, mode:FULL, rate:0
2025-10-25 15:32:07, EXEC, v:1, k:poo@grafite, mode:FULL, rate:0
2025-10-25 15:35:30, EXEC, v:1, k:poo@grafite, mode:FULL, rate:0, size:36
2025-10-25 15:36:43, EXEC, v:1, k:poo@grafite, mode:FULL, rate:0, size:39
2025-10-25 15:36:43, EXEC, v:1, k:poo@grafite, mode:FULL, rate:0, size:39
2025-10-25 15:36:46, EXEC, v:1, k:poo@grafite, mode:FULL, rate:0, size:39
2025-10-25 15:37:03, EXEC, v:1, k:poo@grafite, mode:FULL, rate:0, size:40
2025-10-25 15:37:04, EXEC, v:1, k:poo@grafite, mode:FULL, rate:0
2025-10-25 15:37:07, EXEC, v:1, k:poo@grafite, mode:FULL, rate:0
2025-10-25 15:37:08, EXEC, v:1, k:poo@grafite, mode:FULL, rate:0, size:40
2025-10-25 15:38:14, EXEC, v:1, k:poo@grafite, mode:FULL, rate:0, size:40
2025-10-25 15:38:16, EXEC, v:1, k:poo@grafite, mode:FULL, rate:0
2025-10-25 15:38:31, EXEC, v:1, k:poo@grafite, mode:FULL, rate:0, size:40
2025-10-25 15:38:31, EXEC, v:1, k:poo@grafite, mode:FULL, rate:0, size:40
2025-10-25 15:39:29, EXEC, v:1, k:poo@grafite, mode:FULL, rate:10, size:43
2025-10-25 15:43:19, EXEC, v:1, k:poo@grafite, mode:FULL, rate:0, size:45
2025-10-25 15:43:46, EXEC, v:1, k:poo@grafite, mode:FULL, rate:0, size:47
2025-10-25 15:43:48, EXEC, v:1, k:poo@grafite, mode:FULL, rate:10, size:47
2025-10-25 15:44:02, EXEC, v:1, k:poo@grafite, mode:FULL, rate:10, size:46
2025-10-25 15:44:32, EXEC, v:1, k:poo@grafite, mode:FULL, rate:10, size:45
2025-10-25 15:46:46, EXEC, v:1, k:poo@grafite, mode:FULL, rate:10, size:45
2025-10-25 15:47:03, EXEC, v:1, k:poo@grafite, mode:FULL, rate:10
2025-10-25 15:47:18, EXEC, v:1, k:poo@grafite, mode:FULL, rate:10, size:45
2025-10-25 15:55:35, EXEC, v:1, k:poo@grafite, mode:FULL, rate:10, size:54
2025-10-25 15:57:20, EXEC, v:1, k:poo@grafite, mode:FULL, rate:10, size:53
2025-10-25 15:57:34, EXEC, v:1, k:poo@grafite, mode:FULL, rate:10, size:53
2025-10-25 15:58:01, EXEC, v:1, k:poo@grafite, mode:FULL, rate:10, size:53
2025-10-25 15:58:02, EXEC, v:1, k:poo@grafite, mode:FULL, rate:10
2025-10-25 15:59:11, EXEC, v:1, k:poo@grafite, mode:FULL, rate:10, size:53
2025-10-25 15:59:12, EXEC, v:1, k:poo@grafite, mode:FULL, rate:10
2025-10-25 16:00:17, EXEC, v:1, k:poo@grafite, mode:FULL, rate:10, size:57
2025-10-25 16:00:22, EXEC, v:1, k:poo@grafite, mode:FULL, rate:10
2025-10-25 16:01:23, EXEC, v:1, k:poo@grafite, mode:FULL, rate:0, size:58
2025-10-25 16:01:25, EXEC, v:1, k:poo@grafite, mode:FULL, rate:0
2025-10-25 16:01:33, EXEC, v:1, k:poo@grafite, mode:FULL, rate:10, size:58
2025-10-25 16:01:55, EXEC, v:1, k:poo@grafite, mode:FULL, rate:0, size:58
2025-10-25 16:01:57, EXEC, v:1, k:poo@grafite, mode:FULL, rate:0
2025-10-25 16:02:05, EXEC, v:1, k:poo@grafite, mode:FULL, rate:0, size:58
2025-10-25 16:02:13, EXEC, v:1, k:poo@grafite, mode:FULL, rate:0, size:58
2025-10-25 16:02:13, EXEC, v:1, k:poo@grafite, mode:FULL, rate:0, size:58
2025-10-25 16:02:14, EXEC, v:1, k:poo@grafite, mode:FULL, rate:0, size:58
2025-10-25 16:02:14, EXEC, v:1, k:poo@grafite, mode:FULL, rate:0, size:58
2025-10-25 16:02:25, EXEC, v:1, k:poo@grafite, mode:FULL, rate:0, size:58
2025-10-25 16:02:38, EXEC, v:1, k:poo@grafite, mode:FULL, rate:0
2025-10-25 16:02:38, EXEC, v:1, k:poo@grafite, mode:FULL, rate:0, size:58
2025-10-25 16:02:40, EXEC, v:1, k:poo@grafite, mode:FULL, rate:0
2025-10-25 16:02:40, EXEC, v:1, k:poo@grafite, mode:FULL, rate:0
2025-10-25 16:02:40, EXEC, v:1, k:poo@grafite, mode:FULL, rate:0
2025-10-25 16:02:40, EXEC, v:1, k:poo@grafite, mode:FULL, rate:0
2025-10-25 16:02:40, EXEC, v:1, k:poo@grafite, mode:FULL, rate:0
2025-10-25 16:02:40, EXEC, v:1, k:poo@grafite, mode:FULL, rate:0
2025-10-25 16:02:41, EXEC, v:1, k:poo@grafite, mode:FULL, rate:0
2025-10-25 16:02:44, EXEC, v:1, k:poo@grafite, mode:FULL, rate:0
2025-10-25 16:02:45, EXEC, v:1, k:poo@grafite, mode:FULL, rate:0, size:58
2025-10-25 16:02:45, EXEC, v:1, k:poo@grafite, mode:FULL, rate:0, size:58
2025-10-25 16:02:46, EXEC, v:1, k:poo@grafite, mode:FULL, rate:0, size:58
2025-10-25 16:02:46, EXEC, v:1, k:poo@grafite, mode:FULL, rate:0
2025-10-25 16:02:46, EXEC, v:1, k:poo@grafite, mode:FULL, rate:0
2025-10-25 16:02:46, EXEC, v:1, k:poo@grafite, mode:FULL, rate:0
2025-10-25 16:02:47, EXEC, v:1, k:poo@grafite, mode:FULL, rate:0
2025-10-25 16:02:47, MOVE, v:1, k:poo@grafite, mode:BACK
2025-10-25 16:02:47, MOVE, v:1, k:poo@grafite, mode:PICK
2025-10-25 16:02:48, MOVE, v:1, k:poo@grafite, mode:BACK
2025-10-25 16:02:53, MOVE, v:1, k:poo@grafite, mode:PICK
2025-10-25 16:02:54, EXEC, v:1, k:poo@grafite, mode:FULL, rate:0
2025-10-25 16:03:15, EXEC, v:1, k:poo@grafite, mode:FULL, rate:0, size:72
2025-10-25 16:04:17, EXEC, v:1, k:poo@grafite, mode:FULL, rate:10, size:54
2025-10-25 16:06:35, EXEC, v:1, k:poo@grafite, mode:FULL, rate:0, size:51
2025-10-25 16:07:18, EXEC, v:1, k:poo@grafite, mode:FULL, rate:0, size:57
2025-10-25 16:07:19, EXEC, v:1, k:poo@grafite, mode:FULL, rate:0
2025-10-25 16:07:24, EXEC, v:1, k:poo@grafite, mode:FULL, rate:0, size:57
2025-10-25 16:07:25, EXEC, v:1, k:poo@grafite, mode:FULL, rate:0
2025-10-25 16:09:17, EXEC, v:1, k:poo@grafite, mode:FULL, rate:0, size:57
2025-10-25 16:09:18, EXEC, v:1, k:poo@grafite, mode:FULL, rate:10, size:57
2025-10-25 16:10:34, EXEC, v:1, k:poo@grafite, mode:FULL, rate:10, size:61
2025-10-25 16:10:45, MOVE, v:1, k:poo@grafite, mode:BACK
2025-10-25 16:10:47, MOVE, v:1, k:poo@grafite, mode:PICK
2025-10-25 16:10:49, EXEC, v:1, k:poo@grafite, mode:FULL, rate:10, size:61
2025-10-25 16:11:11, EXEC, v:1, k:poo@grafite, mode:FULL, rate:10, size:61
2025-10-25 16:11:34, EXEC, v:1, k:poo@grafite, mode:FULL, rate:10, size:61
2025-10-25 16:11:54, EXEC, v:1, k:poo@grafite, mode:FULL, rate:10, size:61
2025-10-25 16:11:54, EXEC, v:1, k:poo@grafite, mode:FULL, rate:10, size:61
2025-10-25 16:12:06, EXEC, v:1, k:poo@grafite, mode:FULL, rate:30, size:61
2025-10-25 16:12:54, EXEC, v:1, k:poo@grafite, mode:FULL, rate:10, size:54
2025-10-25 16:14:37, EXEC, v:1, k:poo@grafite, mode:FULL, rate:0, size:59
2025-10-25 16:14:37, EXEC, v:1, k:poo@grafite, mode:FULL, rate:0, size:60
2025-10-25 16:14:42, EXEC, v:1, k:poo@grafite, mode:FULL, rate:0
2025-10-25 16:14:43, EXEC, v:1, k:poo@grafite, mode:FULL, rate:10, size:60
2025-10-25 16:15:13, EXEC, v:1, k:poo@grafite, mode:FULL, rate:10, size:60
2025-10-25 16:15:28, EXEC, v:1, k:poo@grafite, mode:FULL, rate:10, size:60
2025-10-25 16:16:00, EXEC, v:1, k:poo@grafite, mode:FULL, rate:10
2025-10-25 16:16:11, EXEC, v:1, k:poo@grafite, mode:FULL, rate:10, size:60
2025-10-25 16:16:54, EXEC, v:1, k:poo@grafite, mode:FULL, rate:10, size:60
2025-10-25 16:17:24, EXEC, v:1, k:poo@grafite, mode:FULL, rate:10
2025-10-25 16:17:25, MOVE, v:1, k:poo@grafite, mode:BACK
2025-10-25 16:17:26, MOVE, v:1, k:poo@grafite, mode:PICK
2025-10-25 16:17:27, EXEC, v:1, k:poo@grafite, mode:FULL, rate:10
2025-10-25 16:17:57, EXEC, v:1, k:poo@grafite, mode:FULL, rate:10, size:60
2025-10-25 16:18:13, EXEC, v:1, k:poo@grafite, mode:FULL, rate:10
2025-10-25 16:18:18, EXEC, v:1, k:poo@grafite, mode:FULL, rate:10
2025-10-25 16:18:18, EXEC, v:1, k:poo@grafite, mode:FULL, rate:10
2025-10-25 16:18:27, EXEC, v:1, k:poo@grafite, mode:FULL, rate:10, size:60
2025-10-25 16:20:01, EXEC, v:1, k:poo@grafite, mode:FULL, rate:10, size:61
2025-10-25 16:20:05, EXEC, v:1, k:poo@grafite, mode:FULL, rate:10, size:61
2025-10-25 16:20:20, EXEC, v:1, k:poo@grafite, mode:FULL, rate:10, size:61
2025-10-25 16:21:59, EXEC, v:1, k:poo@grafite, mode:FULL, rate:10, size:62
2025-10-25 16:22:17, EXEC, v:1, k:poo@grafite, mode:FULL, rate:30, size:62
2025-10-25 16:22:25, EXEC, v:1, k:poo@grafite, mode:FULL, rate:30, size:62
2025-10-25 16:22:31, EXEC, v:1, k:poo@grafite, mode:FULL, rate:40
2025-10-25 16:25:43, MOVE, v:1, k:poo@grafite, mode:BACK
2025-10-25 16:25:48, MOVE, v:1, k:poo@grafite, mode:PICK
2025-10-25 16:25:48, EXEC, v:1, k:poo@grafite, mode:FULL, rate:0, size:64
2025-10-25 16:25:49, EXEC, v:1, k:poo@grafite, mode:FULL, rate:0
2025-10-25 16:25:56, EXEC, v:1, k:poo@grafite, mode:FULL, rate:0, size:64
2025-10-25 16:25:57, EXEC, v:1, k:poo@grafite, mode:FULL, rate:0, size:64
2025-10-25 16:25:58, EXEC, v:1, k:poo@grafite, mode:FULL, rate:0
2025-10-25 16:26:02, EXEC, v:1, k:poo@grafite, mode:FULL, rate:0
2025-10-25 16:26:04, EXEC, v:1, k:poo@grafite, mode:FULL, rate:0, size:64
2025-10-25 16:26:10, EXEC, v:1, k:poo@grafite, mode:FULL, rate:0
2025-10-25 16:26:12, EXEC, v:1, k:poo@grafite, mode:FULL, rate:40, size:64
2025-10-25 16:27:57, EXEC, v:1, k:poo@grafite, mode:FULL, rate:0, size:64
2025-10-25 16:27:58, EXEC, v:1, k:poo@grafite, mode:FULL, rate:0, size:64
2025-10-25 16:28:38, EXEC, v:1, k:poo@grafite, mode:FULL, rate:0, size:66
2025-10-25 16:28:39, EXEC, v:1, k:poo@grafite, mode:FULL, rate:0, size:66
2025-10-25 16:28:44, EXEC, v:1, k:poo@grafite, mode:FULL, rate:0, size:66
2025-10-25 16:28:44, EXEC, v:1, k:poo@grafite, mode:FULL, rate:0, size:66
2025-10-25 16:28:47, EXEC, v:1, k:poo@grafite, mode:FULL, rate:0, size:66
2025-10-25 16:28:48, EXEC, v:1, k:poo@grafite, mode:FULL, rate:40, size:66
2025-10-25 16:29:45, EXEC, v:1, k:poo@grafite, mode:FULL, rate:40, size:66
2025-10-25 16:29:57, EXEC, v:1, k:poo@grafite, mode:FULL, rate:40, size:66
2025-10-25 16:30:33, EXEC, v:1, k:poo@grafite, mode:FULL, rate:0, size:66
2025-10-25 16:30:34, EXEC, v:1, k:poo@grafite, mode:FULL, rate:40, size:66
2025-10-25 16:30:56, EXEC, v:1, k:poo@grafite, mode:FULL, rate:60, size:66
2025-10-25 16:33:35, EXEC, v:1, k:poo@grafite, mode:FULL, rate:60, size:68
2025-10-25 16:33:56, EXEC, v:1, k:poo@grafite, mode:FULL, rate:70, size:70
2025-10-25 16:35:23, EXEC, v:1, k:poo@grafite, mode:FULL, rate:60, size:72
2025-10-25 16:35:45, EXEC, v:1, k:poo@grafite, mode:FULL, rate:60, size:72
2025-10-25 16:36:12, EXEC, v:1, k:poo@grafite, mode:FULL, rate:60, size:72
2025-10-25 16:36:55, EXEC, v:1, k:poo@grafite, mode:FULL, rate:60, size:72
2025-10-25 16:37:39, EXEC, v:1, k:poo@grafite, mode:FULL, rate:60, size:76
2025-10-25 16:37:59, EXEC, v:1, k:poo@grafite, mode:FULL, rate:60, size:72
2025-10-25 16:38:19, EXEC, v:1, k:poo@grafite, mode:FULL, rate:0, size:70
2025-10-25 16:38:19, EXEC, v:1, k:poo@grafite, mode:FULL, rate:0, size:70
2025-10-25 16:38:22, EXEC, v:1, k:poo@grafite, mode:FULL, rate:0, size:70
2025-10-25 16:38:23, EXEC, v:1, k:poo@grafite, mode:FULL, rate:70
2025-10-25 16:38:57, EXEC, v:1, k:poo@grafite, mode:FULL, rate:70, size:71
2025-10-25 16:39:50, EXEC, v:1, k:poo@grafite, mode:FULL, rate:70, size:72
2025-10-25 16:41:34, MOVE, v:1, k:poo@grafite, mode:BACK
2025-10-25 16:41:34, MOVE, v:1, k:poo@grafite, mode:PICK
2025-10-25 16:41:35, MOVE, v:1, k:poo@grafite, mode:BACK
