2025-10-06 16:39:29, MOVE, v:1, k:poo@chinela, mode:DOWN
2025-10-06 16:39:31, MOVE, v:1, k:poo@chinela, mode:PICK
2025-10-06 16:39:31, EXEC, v:1, k:poo@chinela, mode:LOCK, rate:100, size:0
2025-10-06 16:55:34, MOVE, v:1, k:poo@chinela, mode:BACK
2025-10-06 16:55:35, MOVE, v:1, k:poo@chinela, mode:PICK
2025-10-06 16:55:35, MOVE, v:1, k:poo@chinela, mode:BACK
2025-10-06 19:56:32, MOVE, v:1, k:poo@chinela, mode:PICK
2025-10-06 19:56:33, EXEC, v:1, k:poo@chinela, mode:LOCK, rate:0, size:14
2025-10-06 19:56:40, EXEC, v:1, k:poo@chinela, mode:LOCK, rate:0, size:14
2025-10-06 19:57:10, EXEC, v:1, k:poo@chinela, mode:LOCK, rate:0, size:13
2025-10-06 19:57:17, EXEC, v:1, k:poo@chinela, mode:LOCK, rate:0, size:13
2025-10-06 20:08:08, EXEC, v:1, k:poo@chinela, mode:LOCK, rate:0, size:19
2025-10-06 20:08:09, EXEC, v:1, k:poo@chinela, mode:FREE
2025-10-06 20:08:28, MOVE, v:1, k:poo@chinela, mode:BACK
2025-10-06 20:17:08, MOVE, v:1, k:poo@chinela, mode:PICK
2025-10-06 20:17:08, EXEC, v:1, k:poo@chinela, mode:LOCK, rate:0, size:17
2025-10-06 20:17:10, EXEC, v:1, k:poo@chinela, mode:FREE
2025-10-06 20:19:51, EXEC, v:1, k:poo@chinela, mode:LOCK, rate:0, size:17
2025-10-06 20:22:18, MOVE, v:1, k:poo@chinela, mode:BACK
2025-10-06 20:22:38, MOVE, v:1, k:poo@chinela, mode:PICK
2025-10-06 20:22:38, EXEC, v:1, k:poo@chinela, mode:LOCK, rate:0
2025-10-06 20:22:39, EXEC, v:1, k:poo@chinela, mode:FREE
2025-10-06 20:22:53, MOVE, v:1, k:poo@chinela, mode:BACK
2025-10-06 20:23:52, SELF, v:1, k:poo@chinela, rate:100, alone:10, study:48
