2025-10-07 15:39:14, MOVE, v:1, k:poo@camisa, mode:DOWN
2025-10-07 15:39:15, MOVE, v:1, k:poo@camisa, mode:PICK
2025-10-07 15:39:16, EXEC, v:1, k:poo@camisa, mode:LOCK, rate:100, size:0
2025-10-07 15:56:27, EXEC, v:1, k:poo@camisa, mode:LOCK, rate:0, size:16
2025-10-07 15:56:45, EXEC, v:1, k:poo@camisa, mode:LOCK, rate:0, size:16
2025-10-07 15:57:02, EXEC, v:1, k:poo@camisa, mode:LOCK, rate:0, size:16
2025-10-07 15:57:36, EXEC, v:1, k:poo@camisa, mode:LOCK, rate:0, size:17
2025-10-07 15:57:37, EXEC, v:1, k:poo@camisa, mode:LOCK, rate:0
2025-10-07 15:57:38, EXEC, v:1, k:poo@camisa, mode:FREE
2025-10-07 16:04:10, MOVE, v:1, k:poo@camisa, mode:BACK
2025-10-07 16:07:30, MOVE, v:1, k:poo@camisa, mode:PICK
2025-10-07 16:07:31, EXEC, v:1, k:poo@camisa, mode:LOCK, rate:0, size:17
2025-10-07 16:07:32, EXEC, v:1, k:poo@camisa, mode:LOCK, rate:0
2025-10-07 16:08:10, EXEC, v:1, k:poo@camisa, mode:LOCK, rate:0, size:17
2025-10-07 16:08:11, EXEC, v:1, k:poo@camisa, mode:LOCK, rate:0
2025-10-07 16:08:12, EXEC, v:1, k:poo@camisa, mode:FREE
2025-10-07 16:08:57, MOVE, v:1, k:poo@camisa, mode:PICK
2025-10-07 16:08:58, EXEC, v:1, k:poo@camisa, mode:LOCK, rate:0, size:17
2025-10-07 16:08:59, EXEC, v:1, k:poo@camisa, mode:FREE
2025-10-07 16:13:45, EXEC, v:1, k:poo@camisa, mode:LOCK, rate:0, size:18
2025-10-07 16:13:46, EXEC, v:1, k:poo@camisa, mode:FREE
2025-10-07 16:34:24, EXEC, v:1, k:poo@camisa, mode:LOCK, rate:100, size:18
2025-10-07 16:34:25, EXEC, v:1, k:poo@camisa, mode:LOCK, rate:100
2025-10-07 16:34:26, EXEC, v:1, k:poo@camisa, mode:FREE
2025-10-07 16:34:28, EXEC, v:1, k:poo@camisa, mode:LOCK, rate:100
2025-10-07 16:34:28, EXEC, v:1, k:poo@camisa, mode:FREE
2025-10-07 16:41:05, MOVE, v:1, k:poo@camisa, mode:BACK
2025-10-07 16:42:16, SELF, v:1, k:poo@camisa, rate:100, guide:guia_da_atividade, alone:10, study:50
2025-10-07 16:42:48, SELF, v:1, k:poo@camisa, rate:100, guide:guia_da_atividade, alone:10, study:40
2025-10-07 16:42:51, MOVE, v:1, k:poo@chinela, mode:PICK
2025-10-07 16:42:51, EXEC, v:1, k:poo@chinela, mode:LOCK, rate:0
2025-10-07 16:42:53, EXEC, v:1, k:poo@chinela, mode:LOCK, rate:0
2025-10-07 16:42:54, EXEC, v:1, k:poo@chinela, mode:FREE
2025-10-07 16:43:03, EXEC, v:1, k:poo@chinela, mode:FREE
2025-10-07 16:43:09, MOVE, v:1, k:poo@chinela, mode:BACK
2025-10-07 16:43:22, SELF, v:1, k:poo@camisa, rate:100, guide:guia_da_atividade, alone:10, study:40
2025-10-07 16:46:32, MOVE, v:1, k:poo@roupa, mode:DOWN
2025-10-07 16:46:33, MOVE, v:1, k:poo@roupa, mode:PICK
2025-10-07 16:46:34, EXEC, v:1, k:poo@roupa, mode:FULL, rate:0, size:0
2025-10-07 16:51:49, MOVE, v:1, k:poo@roupa, mode:PICK
2025-10-07 16:51:49, EXEC, v:1, k:poo@roupa, mode:FULL, rate:0, size:10
2025-10-07 16:52:28, EXEC, v:1, k:poo@roupa, mode:FULL, rate:0, size:10
2025-10-07 16:57:28, EXEC, v:1, k:poo@roupa, mode:FREE, size:20
2025-10-07 16:58:47, EXEC, v:1, k:poo@roupa, mode:FULL, rate:0, size:22
2025-10-07 16:58:48, EXEC, v:1, k:poo@roupa, mode:FULL, rate:0, size:22
2025-10-07 16:58:49, EXEC, v:1, k:poo@roupa, mode:FULL, rate:0
2025-10-07 16:59:12, EXEC, v:1, k:poo@roupa, mode:FULL, rate:0, size:24
2025-10-07 16:59:13, EXEC, v:1, k:poo@roupa, mode:FULL, rate:0, size:24
2025-10-07 16:59:13, EXEC, v:1, k:poo@roupa, mode:FULL, rate:0, size:24
2025-10-07 16:59:13, EXEC, v:1, k:poo@roupa, mode:FULL, rate:0, size:24
2025-10-07 16:59:14, EXEC, v:1, k:poo@roupa, mode:FULL, rate:0, size:24
2025-10-07 16:59:14, EXEC, v:1, k:poo@roupa, mode:FULL, rate:0, size:24
2025-10-07 16:59:14, EXEC, v:1, k:poo@roupa, mode:FULL, rate:0, size:24
2025-10-07 16:59:17, EXEC, v:1, k:poo@roupa, mode:FULL, rate:0, size:24
2025-10-07 16:59:17, EXEC, v:1, k:poo@roupa, mode:FULL, rate:0
2025-10-07 16:59:34, EXEC, v:1, k:poo@roupa, mode:FULL, rate:0, size:25
2025-10-07 16:59:51, EXEC, v:1, k:poo@roupa, mode:FULL, rate:0, size:25
2025-10-07 16:59:52, EXEC, v:1, k:poo@roupa, mode:FULL, rate:0, size:25
2025-10-07 17:00:45, EXEC, v:1, k:poo@roupa, mode:FULL, rate:0, size:26
2025-10-07 17:01:27, EXEC, v:1, k:poo@roupa, mode:FULL, rate:0, size:25
2025-10-07 17:01:38, EXEC, v:1, k:poo@roupa, mode:FULL, rate:0, size:25
2025-10-07 17:01:44, EXEC, v:1, k:poo@roupa, mode:FULL, rate:0, size:25
2025-10-07 17:01:45, EXEC, v:1, k:poo@roupa, mode:FULL, rate:0, size:25
2025-10-07 17:01:46, EXEC, v:1, k:poo@roupa, mode:FULL, rate:0
2025-10-07 17:01:49, EXEC, v:1, k:poo@roupa, mode:FULL, rate:0
2025-10-07 17:01:50, EXEC, v:1, k:poo@roupa, mode:FULL, rate:0, size:25
2025-10-07 17:01:51, EXEC, v:1, k:poo@roupa, mode:FULL, rate:0
2025-10-07 17:02:00, EXEC, v:1, k:poo@roupa, mode:FULL, rate:0
2025-10-07 17:02:01, EXEC, v:1, k:poo@roupa, mode:FULL, rate:0, size:25
2025-10-07 17:02:07, EXEC, v:1, k:poo@roupa, mode:FULL, rate:0, size:25
2025-10-07 17:02:37, EXEC, v:1, k:poo@roupa, mode:FULL, rate:0, size:25
2025-10-07 17:02:44, EXEC, v:1, k:poo@roupa, mode:FULL, rate:0, size:25
2025-10-07 17:02:58, EXEC, v:1, k:poo@roupa, mode:FULL, rate:0, size:25
2025-10-07 17:03:03, EXEC, v:1, k:poo@roupa, mode:FULL, rate:0
2025-10-07 17:03:24, EXEC, v:1, k:poo@roupa, mode:FULL, rate:0, size:25
2025-10-07 17:03:33, EXEC, v:1, k:poo@roupa, mode:FULL, rate:0
2025-10-07 17:03:34, EXEC, v:1, k:poo@roupa, mode:FULL, rate:0
2025-10-07 17:03:35, EXEC, v:1, k:poo@roupa, mode:FULL, rate:0
2025-10-07 17:03:35, EXEC, v:1, k:poo@roupa, mode:FULL, rate:0
2025-10-07 17:03:46, EXEC, v:1, k:poo@roupa, mode:FULL, rate:0, size:25
2025-10-07 17:03:50, EXEC, v:1, k:poo@roupa, mode:FULL, rate:0, size:25
2025-10-07 17:05:35, EXEC, v:1, k:poo@roupa, mode:FULL, rate:0, size:25
2025-10-07 17:05:36, EXEC, v:1, k:poo@roupa, mode:FULL, rate:0
2025-10-07 17:05:40, EXEC, v:1, k:poo@roupa, mode:FULL, rate:0
2025-10-07 17:05:47, EXEC, v:1, k:poo@roupa, mode:FULL, rate:0, size:25
2025-10-07 17:05:47, EXEC, v:1, k:poo@roupa, mode:FULL, rate:0, size:25
2025-10-07 17:06:20, EXEC, v:1, k:poo@roupa, mode:FULL, rate:0, size:25
2025-10-07 17:06:20, EXEC, v:1, k:poo@roupa, mode:FULL, rate:0, size:25
2025-10-07 17:06:35, EXEC, v:1, k:poo@roupa, mode:FULL, rate:0, size:25
2025-10-07 17:06:35, EXEC, v:1, k:poo@roupa, mode:FULL, rate:0
2025-10-07 17:06:56, EXEC, v:1, k:poo@roupa, mode:FULL, rate:0
2025-10-07 17:07:20, EXEC, v:1, k:poo@roupa, mode:FULL, rate:0, size:25
2025-10-07 17:07:20, EXEC, v:1, k:poo@roupa, mode:FULL, rate:0, size:25
2025-10-07 17:07:20, EXEC, v:1, k:poo@roupa, mode:FULL, rate:0, size:25
2025-10-07 17:07:20, EXEC, v:1, k:poo@roupa, mode:FULL, rate:0, size:25
2025-10-07 17:07:21, EXEC, v:1, k:poo@roupa, mode:FULL, rate:0, size:25
2025-10-07 17:07:22, EXEC, v:1, k:poo@roupa, mode:FULL, rate:0
2025-10-07 17:07:57, MOVE, v:1, k:poo@roupa, mode:BACK
2025-10-07 17:07:57, MOVE, v:1, k:poo@roupa, mode:PICK
2025-10-07 17:07:57, MOVE, v:1, k:poo@roupa, mode:BACK
2025-10-07 17:08:58, MOVE, v:1, k:poo@roupa, mode:PICK
2025-10-07 17:08:59, EXEC, v:1, k:poo@roupa, mode:FULL, rate:0
2025-10-07 17:09:01, MOVE, v:1, k:poo@roupa, mode:BACK
2025-10-07 17:09:02, MOVE, v:1, k:poo@roupa, mode:PICK
2025-10-07 17:09:02, MOVE, v:1, k:poo@roupa, mode:BACK
